-------------------------------------------------------------------------------
Test set: testrunners.MyTestRunner
-------------------------------------------------------------------------------
Tests run: 4, Failures: 1, Errors: 0, Skipped: 0, Time elapsed: 46.609 s <<< FAILURE! - in testrunners.MyTestRunner
testrunners.MyTestRunner.runScenario["Accounts section count", "Accounts Page Feature"](2)  Time elapsed: 7.823 s  <<< FAILURE!
java.lang.AssertionError: expected [true] but found [false]

