<?xml version="1.0" encoding="UTF-8"?>
<testsuite xmlns:xsi="http://www.w3.org/2001/XMLSchema-instance" xsi:noNamespaceSchemaLocation="https://maven.apache.org/surefire/maven-failsafe-plugin/xsd/failsafe-test-report-3.0.xsd" version="3.0" name="testrunners.MyTestRunner" time="46.609" tests="4" errors="0" skipped="0" failures="1">
  <properties>
[...]
</properties>
  <testcase name="runScenario[&quot;Accounts Page Title&quot;, &quot;Accounts Page Feature&quot;](1)" classname="testrunners.MyTestRunner" time="21.694">
    <system-out><![CDATA[
@test1
Scenario: Accounts Page Title                      &amp#27;[90m# src/test/resources/apfeatures/AccountsPage.feature:10&amp#27;[0m
Browser value is--:chrome
Login with username : venkata.rajesh59@gmail.com
  &amp#27;[32mGiven &amp#27;[0m&amp#27;[32muser has already logged in to application&amp#27;[0m  &amp#27;[90m# stepdefinitions.AccountsPageSteps.user_has_already_logged_in_to_application(io.cucumber.datatable.DataTable)&amp#27;[0m
    | username                   | passwd      |
    | venkata.rajesh59@gmail.com | Rajesh@2084 |
Title is : My account - My Shop
  &amp#27;[32mGiven &amp#27;[0m&amp#27;[32muser is on accounts page&amp#27;[0m                   &amp#27;[90m# stepdefinitions.AccountsPageSteps.user_is_on_accounts_page()&amp#27;[0m
Login Page title is : My account - My Shop
  &amp#27;[32mWhen &amp#27;[0m&amp#27;[32muser gets the title of the page&amp#27;[0m             &amp#27;[90m# stepdefinitions.LoginPageSteps.user_gets_the_title_of_the_page()&amp#27;[0m
  &amp#27;[32mThen &amp#27;[0m&amp#27;[32mpage title should be &amp#27;[0m&amp#27;[32m&amp#27;[1m"My account - My Shop"&amp#27;[0m &amp#27;[90m# stepdefinitions.LoginPageSteps.page_title_should_be(java.lang.String)&amp#27;[0m
]]></system-out>
    <system-err><![CDATA[SLF4J(W): No SLF4J providers were found.
SLF4J(W): Defaulting to no-operation (NOP) logger implementation
SLF4J(W): See https://www.slf4j.org/codes.html#noProviders for further details.
Sep 07, 2024 8:00:01 AM org.openqa.selenium.devtools.CdpVersionFinder findNearestMatch
WARNING: Unable to find an exact match for CDP version 128, returning the closest version; found: 124; Please update to a Selenium version that supports CDP version 128
]]></system-err>
  </testcase>
  <testcase name="runScenario[&quot;Accounts section count&quot;, &quot;Accounts Page Feature&quot;](2)" classname="testrunners.MyTestRunner" time="7.823">
    <failure message="expected [true] but found [false]" type="java.lang.AssertionError"><![CDATA[java.lang.AssertionError: expected [true] but found [false]
]]></failure>
    <system-out><![CDATA[
@test1
Scenario: Accounts section count                  &amp#27;[90m# src/test/resources/apfeatures/AccountsPage.feature:16&amp#27;[0m
Browser value is--:chrome
Login with username : venkata.rajesh59@gmail.com
  &amp#27;[32mGiven &amp#27;[0m&amp#27;[32muser has already logged in to application&amp#27;[0m &amp#27;[90m# stepdefinitions.AccountsPageSteps.user_has_already_logged_in_to_application(io.cucumber.datatable.DataTable)&amp#27;[0m
    | username                   | passwd      |
    | venkata.rajesh59@gmail.com | Rajesh@2084 |
Title is : My account - My Shop
  &amp#27;[32mGiven &amp#27;[0m&amp#27;[32muser is on accounts page&amp#27;[0m                  &amp#27;[90m# stepdefinitions.AccountsPageSteps.user_is_on_accounts_page()&amp#27;[0m
Expected List : [Add my first address, Order history and details, My credit slips, My addresses, My personal information, Home]
ADD MY FIRST ADDRESS
ORDER HISTORY AND DETAILS
MY CREDIT SLIPS
MY ADDRESSES
MY PERSONAL INFORMATION
Home
Actual List : [ADD MY FIRST ADDRESS, ORDER HISTORY AND DETAILS, MY CREDIT SLIPS, MY ADDRESSES, MY PERSONAL INFORMATION, Home]
  &amp#27;[31mThen &amp#27;[0m&amp#27;[31muser gets accounts section&amp#27;[0m                 &amp#27;[90m# stepdefinitions.AccountsPageSteps.user_gets_accounts_section(io.cucumber.datatable.DataTable)&amp#27;[0m
    | Add my first address      |
    | Order history and details |
    | My credit slips           |
    | My addresses              |
    | My personal information   |
    | Home                      |
      &amp#27;[31mjava.lang.AssertionError: expected [true] but found [false]
	at org.testng.Assert.fail(Assert.java:99)
	at org.testng.Assert.failNotEquals(Assert.java:1037)
	at org.testng.Assert.assertTrue(Assert.java:45)
	at org.testng.Assert.assertTrue(Assert.java:55)
	at ecommerce@0.0.1-SNAPSHOT/stepdefinitions.AccountsPageSteps.user_gets_accounts_section(AccountsPageSteps.java:45)
	at âœ½.user gets accounts section(file:///C:/Users/venka/eclipse-workspace/ecommerce/src/test/resources/apfeatures/AccountsPage.feature:18)
&amp#27;[0m
  &amp#27;[36mAnd &amp#27;[0m&amp#27;[36maccount could should be &amp#27;[0m&amp#27;[36m&amp#27;[1m5&amp#27;[0m                   &amp#27;[90m# stepdefinitions.AccountsPageSteps.account_could_should_be(java.lang.Integer)&amp#27;[0m

    Embedding Accounts_section_count [image/png 146965 bytes]

]]></system-out>
    <system-err><![CDATA[Sep 07, 2024 8:00:12 AM org.openqa.selenium.devtools.CdpVersionFinder findNearestMatch
WARNING: Unable to find an exact match for CDP version 128, returning the closest version; found: 124; Please update to a Selenium version that supports CDP version 128
]]></system-err>
  </testcase>
  <testcase name="runScenario[&quot;Login Page Title&quot;, &quot;Login Page Feature&quot;](3)" classname="testrunners.MyTestRunner" time="5.373">
    <system-out><![CDATA[
@test
Scenario: Login Page Title                    &amp#27;[90m# src/test/resources/apfeatures/LoginPage.feature:8&amp#27;[0m
Browser value is--:chrome
  &amp#27;[32mGiven &amp#27;[0m&amp#27;[32muser is on login page&amp#27;[0m                 &amp#27;[90m# stepdefinitions.LoginPageSteps.user_is_on_login_page()&amp#27;[0m
Login Page title is : Login - My Shop
  &amp#27;[32mWhen &amp#27;[0m&amp#27;[32muser gets the title of the page&amp#27;[0m        &amp#27;[90m# stepdefinitions.LoginPageSteps.user_gets_the_title_of_the_page()&amp#27;[0m
  &amp#27;[32mThen &amp#27;[0m&amp#27;[32mpage title should be &amp#27;[0m&amp#27;[32m&amp#27;[1m"Login - My Shop"&amp#27;[0m &amp#27;[90m# stepdefinitions.LoginPageSteps.page_title_should_be(java.lang.String)&amp#27;[0m
]]></system-out>
    <system-err><![CDATA[Sep 07, 2024 8:00:20 AM org.openqa.selenium.devtools.CdpVersionFinder findNearestMatch
WARNING: Unable to find an exact match for CDP version 128, returning the closest version; found: 124; Please update to a Selenium version that supports CDP version 128
]]></system-err>
  </testcase>
  <testcase name="runScenario[&quot;Login with correct credentials&quot;, &quot;Login Page Feature&quot;](4)" classname="testrunners.MyTestRunner" time="6.583">
    <system-out><![CDATA[
@test
Scenario: Login with correct credentials                 &amp#27;[90m# src/test/resources/apfeatures/LoginPage.feature:12&amp#27;[0m
Browser value is--:chrome
  &amp#27;[32mGiven &amp#27;[0m&amp#27;[32muser is on login page&amp#27;[0m                            &amp#27;[90m# stepdefinitions.LoginPageSteps.user_is_on_login_page()&amp#27;[0m
  &amp#27;[32mWhen &amp#27;[0m&amp#27;[32muser enters username &amp#27;[0m&amp#27;[32m&amp#27;[1m"venkata.rajesh59@gmail.com"&amp#27;[0m &amp#27;[90m# stepdefinitions.LoginPageSteps.user_enters_username(java.lang.String)&amp#27;[0m
  &amp#27;[32mAnd &amp#27;[0m&amp#27;[32muser enters password &amp#27;[0m&amp#27;[32m&amp#27;[1m"Rajesh@2084"&amp#27;[0m                 &amp#27;[90m# stepdefinitions.LoginPageSteps.user_enters_password(java.lang.String)&amp#27;[0m
  &amp#27;[32mAnd &amp#27;[0m&amp#27;[32muser clicks on login button&amp#27;[0m                        &amp#27;[90m# stepdefinitions.LoginPageSteps.user_clicks_on_login_button()&amp#27;[0m
Login Page title is : My account - My Shop
  &amp#27;[32mThen &amp#27;[0m&amp#27;[32muser gets the title of the page&amp#27;[0m                   &amp#27;[90m# stepdefinitions.LoginPageSteps.user_gets_the_title_of_the_page()&amp#27;[0m
  &amp#27;[32mAnd &amp#27;[0m&amp#27;[32mpage title should be &amp#27;[0m&amp#27;[32m&amp#27;[1m"My account - My Shop"&amp#27;[0m        &amp#27;[90m# stepdefinitions.LoginPageSteps.page_title_should_be(java.lang.String)&amp#27;[0m
]]></system-out>
    <system-err><![CDATA[Sep 07, 2024 8:00:25 AM org.openqa.selenium.devtools.CdpVersionFinder findNearestMatch
WARNING: Unable to find an exact match for CDP version 128, returning the closest version; found: 124; Please update to a Selenium version that supports CDP version 128
]]></system-err>
  </testcase>
</testsuite>